2025-11-06 14:41:54.894085 INFO::Writing function arguments to log file
2025-11-06 14:41:54.895561 DEBUG::Function arguments
2025-11-06 14:41:54.896018 DEBUG::Output folder: Maslin_output
2025-11-06 14:41:54.896369 DEBUG::Min Abundance: 0.000000
2025-11-06 14:41:54.896713 DEBUG::Min Prevalence: 0.100000
2025-11-06 14:41:54.897021 DEBUG::Normalization: TSS
2025-11-06 14:41:54.897335 DEBUG::Transform: LOG
2025-11-06 14:41:54.897678 DEBUG::Analysis method: LM
2025-11-06 14:41:54.89796 DEBUG::Max significance: 0.250000
2025-11-06 14:41:54.898246 DEBUG::Random effects:
2025-11-06 14:41:54.898563 DEBUG::Fixed effects: Genotype
2025-11-06 14:41:54.898916 DEBUG::Correction method: BH
2025-11-06 14:41:54.899202 DEBUG::Standardize: TRUE
2025-11-06 14:41:54.899494 DEBUG::Cores: 1
2025-11-06 14:41:54.899787 INFO::Verifying options selected are valid
2025-11-06 14:41:54.901021 INFO::Determining format of input files
2025-11-06 14:41:54.902333 INFO::Input format is data samples as columns and metadata samples as rows
2025-11-06 14:41:54.903836 DEBUG::Transformed data so samples are rows
2025-11-06 14:41:54.904464 DEBUG::A total of 29 samples were found in both the data and metadata
2025-11-06 14:41:54.904806 DEBUG::Reordering data/metadata to use same sample ordering
2025-11-06 14:41:54.905558 INFO::Formula for fixed effects: expr ~  Genotype
2025-11-06 14:41:54.90656 INFO::Factor detected for categorial metadata 'Genotype'. Provide a reference argument or manually set factor ordering to change reference level.
2025-11-06 14:41:54.907328 INFO::Filter data based on min abundance and min prevalence
2025-11-06 14:41:54.908034 INFO::Total samples in data: 29
2025-11-06 14:41:54.908655 INFO::Min samples required with min abundance for a feature not to be filtered: 2.900000
2025-11-06 14:41:54.909531 INFO::Total filtered features: 0
2025-11-06 14:41:54.91012 INFO::Filtered feature names from abundance and prevalence filtering:
2025-11-06 14:41:54.910956 INFO::Total filtered features with variance filtering: 0
2025-11-06 14:41:54.911505 INFO::Filtered feature names from variance filtering:
2025-11-06 14:41:54.912212 INFO::Running selected normalization method: TSS
2025-11-06 14:41:54.913136 INFO::Applying z-score to standardize continuous metadata
2025-11-06 14:41:54.915584 INFO::Running selected transform method: LOG
2025-11-06 14:41:54.91658 INFO::Running selected analysis method: LM
2025-11-06 14:41:54.917469 INFO::Fitting model to feature number 1, Bacillales
2025-11-06 14:41:54.919713 INFO::Fitting model to feature number 2, Burkholderiales
2025-11-06 14:41:54.921988 INFO::Fitting model to feature number 3, Caulobacterales
2025-11-06 14:41:54.924231 INFO::Fitting model to feature number 4, Corynebacteriales
2025-11-06 14:41:54.926523 INFO::Fitting model to feature number 5, Enterobacterales
2025-11-06 14:41:54.928917 INFO::Fitting model to feature number 6, Micrococcales
2025-11-06 14:41:54.931419 INFO::Fitting model to feature number 7, Propionibacteriales
2025-11-06 14:41:54.934102 INFO::Fitting model to feature number 8, Pseudomonadales
2025-11-06 14:41:54.93656 INFO::Fitting model to feature number 9, Rhizobiales
2025-11-06 14:41:54.93875 INFO::Fitting model to feature number 10, Rhodobacterales
2025-11-06 14:41:54.940847 INFO::Fitting model to feature number 11, Rhodospirillales
2025-11-06 14:41:54.954852 INFO::Fitting model to feature number 12, Sphingobacteriales
2025-11-06 14:41:54.957831 INFO::Fitting model to feature number 13, Sphingomonadales
2025-11-06 14:41:54.960759 INFO::Fitting model to feature number 14, Xanthomonadales
2025-11-06 14:41:54.967644 INFO::Counting total values for each feature
2025-11-06 14:41:54.971178 INFO::Writing filtered data to file Maslin_output/features/filtered_data.tsv
2025-11-06 14:41:54.972629 INFO::Writing filtered, normalized data to file Maslin_output/features/filtered_data_norm.tsv
2025-11-06 14:41:54.973876 INFO::Writing filtered, normalized, transformed data to file Maslin_output/features/filtered_data_norm_transformed.tsv
2025-11-06 14:41:54.975331 WARNING::Deleting existing residuals file: Maslin_output/fits/residuals.rds
2025-11-06 14:41:54.976205 INFO::Writing residuals to file Maslin_output/fits/residuals.rds
2025-11-06 14:41:54.977041 WARNING::Deleting existing fitted file: Maslin_output/fits/fitted.rds
2025-11-06 14:41:54.978168 INFO::Writing fitted values to file Maslin_output/fits/fitted.rds
2025-11-06 14:41:54.978888 INFO::Writing all results to file (ordered by increasing q-values): Maslin_output/all_results.tsv
2025-11-06 14:41:54.980724 INFO::Writing the significant results (those which are less than or equal to the threshold of 0.250000 ) to file (ordered by increasing q-values): Maslin_output/significant_results.tsv
