2026-03-03 13:12:10.142899 INFO::Writing function arguments to log file
2026-03-03 13:12:10.143528 DEBUG::Function arguments
2026-03-03 13:12:10.143725 DEBUG::Output folder: Maaslin2_root
2026-03-03 13:12:10.143882 DEBUG::Min Abundance: 0.000000
2026-03-03 13:12:10.14402 DEBUG::Min Prevalence: 0.100000
2026-03-03 13:12:10.144148 DEBUG::Normalization: TSS
2026-03-03 13:12:10.144276 DEBUG::Transform: LOG
2026-03-03 13:12:10.144411 DEBUG::Analysis method: LM
2026-03-03 13:12:10.144583 DEBUG::Max significance: 0.250000
2026-03-03 13:12:10.144739 DEBUG::Random effects:
2026-03-03 13:12:10.14488 DEBUG::Fixed effects: Genotype
2026-03-03 13:12:10.144997 DEBUG::Correction method: BH
2026-03-03 13:12:10.145111 DEBUG::Standardize: TRUE
2026-03-03 13:12:10.145223 DEBUG::Cores: 1
2026-03-03 13:12:10.145329 INFO::Verifying options selected are valid
2026-03-03 13:12:10.145821 INFO::Determining format of input files
2026-03-03 13:12:10.146305 INFO::Input format is data samples as columns and metadata samples as rows
2026-03-03 13:12:10.146999 DEBUG::Transformed data so samples are rows
2026-03-03 13:12:10.147317 DEBUG::A total of 20 samples were found in both the data and metadata
2026-03-03 13:12:10.147487 DEBUG::Reordering data/metadata to use same sample ordering
2026-03-03 13:12:10.148113 INFO::Formula for fixed effects: expr ~  Genotype
2026-03-03 13:12:10.148632 INFO::Factor detected for categorial metadata 'Genotype'. Provide a reference argument or manually set factor ordering to change reference level.
2026-03-03 13:12:10.149064 INFO::Filter data based on min abundance and min prevalence
2026-03-03 13:12:10.149471 INFO::Total samples in data: 20
2026-03-03 13:12:10.149851 INFO::Min samples required with min abundance for a feature not to be filtered: 2.000000
2026-03-03 13:12:10.150792 INFO::Total filtered features: 9
2026-03-03 13:12:10.151269 INFO::Filtered feature names from abundance and prevalence filtering: LjRoot8, LjRoot80, LjRoot247, LjRoot58, LjRoot224, G25_LjRoot27, LjRoot246, LjRoot153, LjRoot100
2026-03-03 13:12:10.152334 INFO::Total filtered features with variance filtering: 0
2026-03-03 13:12:10.152832 INFO::Filtered feature names from variance filtering:
2026-03-03 13:12:10.153226 INFO::Running selected normalization method: TSS
2026-03-03 13:12:10.154102 INFO::Applying z-score to standardize continuous metadata
2026-03-03 13:12:10.156221 INFO::Running selected transform method: LOG
2026-03-03 13:12:10.157331 INFO::Running selected analysis method: LM
2026-03-03 13:12:10.158042 INFO::Fitting model to feature number 1, LjRoot221
2026-03-03 13:12:10.159983 INFO::Fitting model to feature number 2, LjRoot149
2026-03-03 13:12:10.161818 INFO::Fitting model to feature number 3, LjRoot223
2026-03-03 13:12:10.163519 INFO::Fitting model to feature number 4, G37_LjNodule209
2026-03-03 13:12:10.165177 INFO::Fitting model to feature number 5, G21_LjRoot111
2026-03-03 13:12:10.166836 INFO::Fitting model to feature number 6, LjRoot228
2026-03-03 13:12:10.168477 INFO::Fitting model to feature number 7, G3_LjRoot129
2026-03-03 13:12:10.170097 INFO::Fitting model to feature number 8, LjRoot196
2026-03-03 13:12:10.171725 INFO::Fitting model to feature number 9, G32_LjRoot291
2026-03-03 13:12:10.173357 INFO::Fitting model to feature number 10, LjRoot259
2026-03-03 13:12:10.174989 INFO::Fitting model to feature number 11, G11_LjRoot25
2026-03-03 13:12:10.176614 INFO::Fitting model to feature number 12, G8_LjRoot126
2026-03-03 13:12:10.178267 INFO::Fitting model to feature number 13, LjRoot17
2026-03-03 13:12:10.179913 INFO::Fitting model to feature number 14, G2_LjRoot102
2026-03-03 13:12:10.181546 INFO::Fitting model to feature number 15, G16_LjRoot125
2026-03-03 13:12:10.183163 INFO::Fitting model to feature number 16, LjRoot82
2026-03-03 13:12:10.184794 INFO::Fitting model to feature number 17, G20_LjRoot162
2026-03-03 13:12:10.186452 INFO::Fitting model to feature number 18, LjRoot183
2026-03-03 13:12:10.188081 INFO::Fitting model to feature number 19, G1_LjRoot134
2026-03-03 13:12:10.189751 INFO::Fitting model to feature number 20, LjRoot71
2026-03-03 13:12:10.191424 INFO::Fitting model to feature number 21, LjRoot289
2026-03-03 13:12:10.193119 INFO::Fitting model to feature number 22, LjRoot3
2026-03-03 13:12:10.195303 INFO::Fitting model to feature number 23, G4_LjRoot26
2026-03-03 13:12:10.19727 INFO::Fitting model to feature number 24, LjRoot18
2026-03-03 13:12:10.199291 INFO::Fitting model to feature number 25, G6_LjRoot130
2026-03-03 13:12:10.201184 INFO::Fitting model to feature number 26, G17_LjRoot232
2026-03-03 13:12:10.202913 INFO::Fitting model to feature number 27, LjRoot227
2026-03-03 13:12:10.204611 INFO::Fitting model to feature number 28, LjRoot219
2026-03-03 13:12:10.20628 INFO::Fitting model to feature number 29, LjRoot122
2026-03-03 13:12:10.20792 INFO::Fitting model to feature number 30, LjRoot243
2026-03-03 13:12:10.20956 INFO::Fitting model to feature number 31, G12_LjRoot70
2026-03-03 13:12:10.211205 INFO::Fitting model to feature number 32, G29_LjRoot226
2026-03-03 13:12:10.213017 INFO::Fitting model to feature number 33, G22_LjRoot238
2026-03-03 13:12:10.214743 INFO::Fitting model to feature number 34, LjRoot237
2026-03-03 13:12:10.216434 INFO::Fitting model to feature number 35, G7_LjRoot117
2026-03-03 13:12:10.218077 INFO::Fitting model to feature number 36, LjRoot10
2026-03-03 13:12:10.21974 INFO::Fitting model to feature number 37, LjRoot229
2026-03-03 13:12:10.221372 INFO::Fitting model to feature number 38, G5_LjRoot105
2026-03-03 13:12:10.223007 INFO::Fitting model to feature number 39, LjRoot11
2026-03-03 13:12:10.224635 INFO::Fitting model to feature number 40, G36_LjRoot142
2026-03-03 13:12:10.226267 INFO::Fitting model to feature number 41, G14_LjRoot22
2026-03-03 13:12:10.22789 INFO::Fitting model to feature number 42, LjRoot285
2026-03-03 13:12:10.229578 INFO::Fitting model to feature number 43, LjRoot240
2026-03-03 13:12:10.231201 INFO::Fitting model to feature number 44, LjRoot248
2026-03-03 13:12:10.23281 INFO::Fitting model to feature number 45, G35_LjRoot145
2026-03-03 13:12:10.234421 INFO::Fitting model to feature number 46, LjRoot89
2026-03-03 13:12:10.236034 INFO::Fitting model to feature number 47, LjRoot1
2026-03-03 13:12:10.237651 INFO::Fitting model to feature number 48, G30_LjRoot2
2026-03-03 13:12:10.239248 INFO::Fitting model to feature number 49, LjRoot277
2026-03-03 13:12:10.24087 INFO::Fitting model to feature number 50, LjRoot152
2026-03-03 13:12:10.242488 INFO::Fitting model to feature number 51, G33_LjRoot104
2026-03-03 13:12:10.24409 INFO::Fitting model to feature number 52, G27_LjRoot78
2026-03-03 13:12:10.245766 INFO::Fitting model to feature number 53, LjRoot30
2026-03-03 13:12:10.247391 INFO::Fitting model to feature number 54, LjRoot295
2026-03-03 13:12:10.249004 INFO::Fitting model to feature number 55, LjRoot296
2026-03-03 13:12:10.250621 INFO::Fitting model to feature number 56, LjRoot257
2026-03-03 13:12:10.252231 INFO::Fitting model to feature number 57, G9_LjRoot131
2026-03-03 13:12:10.253862 INFO::Fitting model to feature number 58, G24_LjRoot12
2026-03-03 13:12:10.255483 INFO::Fitting model to feature number 59, LjRoot244
2026-03-03 13:12:10.257087 INFO::Fitting model to feature number 60, G15_LjRoot29
2026-03-03 13:12:10.258699 INFO::Fitting model to feature number 61, LjRoot230
2026-03-03 13:12:10.260293 INFO::Fitting model to feature number 62, LjRoot258
2026-03-03 13:12:10.261967 INFO::Fitting model to feature number 63, LjRoot220
2026-03-03 13:12:10.263601 INFO::Fitting model to feature number 64, G34_LjRoot233
2026-03-03 13:12:10.265218 INFO::Fitting model to feature number 65, LjRoot261
2026-03-03 13:12:10.266887 INFO::Fitting model to feature number 66, G31_LjRoot101
2026-03-03 13:12:10.26885 INFO::Fitting model to feature number 67, LjRoot28
2026-03-03 13:12:10.27069 INFO::Fitting model to feature number 68, LjRoot288
2026-03-03 13:12:10.272421 INFO::Fitting model to feature number 69, LjRoot231
2026-03-03 13:12:10.282467 INFO::Counting total values for each feature
2026-03-03 13:12:10.288135 INFO::Writing filtered data to file Maaslin2_root/features/filtered_data.tsv
2026-03-03 13:12:10.289948 INFO::Writing filtered, normalized data to file Maaslin2_root/features/filtered_data_norm.tsv
2026-03-03 13:12:10.291689 INFO::Writing filtered, normalized, transformed data to file Maaslin2_root/features/filtered_data_norm_transformed.tsv
2026-03-03 13:12:10.293563 WARNING::Deleting existing residuals file: Maaslin2_root/fits/residuals.rds
2026-03-03 13:12:10.294439 INFO::Writing residuals to file Maaslin2_root/fits/residuals.rds
2026-03-03 13:12:10.295437 WARNING::Deleting existing fitted file: Maaslin2_root/fits/fitted.rds
2026-03-03 13:12:10.296282 INFO::Writing fitted values to file Maaslin2_root/fits/fitted.rds
2026-03-03 13:12:10.296961 INFO::Writing all results to file (ordered by increasing q-values): Maaslin2_root/all_results.tsv
2026-03-03 13:12:10.298971 INFO::Writing the significant results (those which are less than or equal to the threshold of 0.250000 ) to file (ordered by increasing q-values): Maaslin2_root/significant_results.tsv
