2026-02-19 16:42:10.94869 INFO::Writing function arguments to log file
2026-02-19 16:42:10.999196 DEBUG::Function arguments
2026-02-19 16:42:11.021799 DEBUG::Output folder: Maaslin2_rhizo
2026-02-19 16:42:11.042311 DEBUG::Min Abundance: 0.000000
2026-02-19 16:42:11.058167 DEBUG::Min Prevalence: 0.100000
2026-02-19 16:42:11.202939 DEBUG::Normalization: TSS
2026-02-19 16:42:11.338585 DEBUG::Transform: LOG
2026-02-19 16:42:11.505827 DEBUG::Analysis method: LM
2026-02-19 16:42:11.640485 DEBUG::Max significance: 0.250000
2026-02-19 16:42:11.775135 DEBUG::Random effects:
2026-02-19 16:42:11.912379 DEBUG::Fixed effects: Genotype
2026-02-19 16:42:12.048881 DEBUG::Correction method: BH
2026-02-19 16:42:12.183958 DEBUG::Standardize: TRUE
2026-02-19 16:42:12.322088 DEBUG::Cores: 1
2026-02-19 16:42:12.458758 INFO::Verifying options selected are valid
2026-02-19 16:42:12.594082 INFO::Determining format of input files
2026-02-19 16:42:12.731156 INFO::Input format is data samples as columns and metadata samples as rows
2026-02-19 16:42:12.868683 DEBUG::Transformed data so samples are rows
2026-02-19 16:42:13.004763 DEBUG::A total of 30 samples were found in both the data and metadata
2026-02-19 16:42:13.136991 DEBUG::Reordering data/metadata to use same sample ordering
2026-02-19 16:42:13.341122 INFO::Formula for fixed effects: expr ~  Genotype
2026-02-19 16:42:13.475514 INFO::Factor detected for categorial metadata 'Genotype'. Provide a reference argument or manually set factor ordering to change reference level.
2026-02-19 16:42:13.646599 INFO::Filter data based on min abundance and min prevalence
2026-02-19 16:42:13.781044 INFO::Total samples in data: 30
2026-02-19 16:42:13.947588 INFO::Min samples required with min abundance for a feature not to be filtered: 3.000000
2026-02-19 16:42:14.084367 INFO::Total filtered features: 21
2026-02-19 16:42:14.216635 INFO::Filtered feature names from abundance and prevalence filtering: P2_H2, P2_F5, P1_D2, P5_D12, P5_A5, P2_D8, P2_E3, P4_H11, P1_C9, P2_H3, P4_D8, P4_B8, P5_A4, P4_G7, P2_E4, P5_D2, P4_D3, P4_F5, P5_A6, P2_B3, P4_A5
2026-02-19 16:42:14.350884 INFO::Total filtered features with variance filtering: 0
2026-02-19 16:42:14.486876 INFO::Filtered feature names from variance filtering:
2026-02-19 16:42:14.625037 INFO::Running selected normalization method: TSS
2026-02-19 16:42:14.759208 INFO::Applying z-score to standardize continuous metadata
2026-02-19 16:42:14.874775 INFO::Running selected transform method: LOG
2026-02-19 16:42:15.041676 INFO::Running selected analysis method: LM
2026-02-19 16:42:15.181546 INFO::Fitting model to feature number 1, P2_H11
2026-02-19 16:42:15.319479 INFO::Fitting model to feature number 2, P5_A1
2026-02-19 16:42:15.456795 INFO::Fitting model to feature number 3, P4_H10
2026-02-19 16:42:15.610948 INFO::Fitting model to feature number 4, P1_A1
2026-02-19 16:42:15.748646 INFO::Fitting model to feature number 5, P1_A8
2026-02-19 16:42:15.88216 INFO::Fitting model to feature number 6, P4_A8
2026-02-19 16:42:16.031409 INFO::Fitting model to feature number 7, P1_F10
2026-02-19 16:42:16.176329 INFO::Fitting model to feature number 8, P1_E1
2026-02-19 16:42:16.45143 INFO::Fitting model to feature number 9, P4_C7
2026-02-19 16:42:16.673177 INFO::Fitting model to feature number 10, P4_B4
2026-02-19 16:42:16.82554 INFO::Fitting model to feature number 11, P1_C1
2026-02-19 16:42:17.022059 INFO::Fitting model to feature number 12, P2_D12
2026-02-19 16:42:17.224078 INFO::Fitting model to feature number 13, P5_B3.P4_C1
2026-02-19 16:42:17.345018 INFO::Fitting model to feature number 14, P2_C12
2026-02-19 16:42:17.481651 INFO::Fitting model to feature number 15, P1_E8
2026-02-19 16:42:17.61658 INFO::Fitting model to feature number 16, P1_D3
2026-02-19 16:42:17.754183 INFO::Fitting model to feature number 17, P5_A10
2026-02-19 16:42:17.890007 INFO::Fitting model to feature number 18, P1_A6
2026-02-19 16:42:18.02731 INFO::Fitting model to feature number 19, P4_B10
2026-02-19 16:42:18.171393 INFO::Fitting model to feature number 20, P4_E5
2026-02-19 16:42:18.381304 INFO::Fitting model to feature number 21, P4_B2
2026-02-19 16:42:18.601899 INFO::Fitting model to feature number 22, P4_F10
2026-02-19 16:42:18.767798 INFO::Fitting model to feature number 23, P4_D7
2026-02-19 16:42:18.935366 INFO::Fitting model to feature number 24, P4_C9
2026-02-19 16:42:19.103031 INFO::Fitting model to feature number 25, P4_G1
2026-02-19 16:42:19.374696 INFO::Fitting model to feature number 26, P4_G3
2026-02-19 16:42:19.573123 INFO::Fitting model to feature number 27, P2_B12
2026-02-19 16:42:19.823323 INFO::Fitting model to feature number 28, P5_E7
2026-02-19 16:42:20.062277 INFO::Fitting model to feature number 29, P5_B10
2026-02-19 16:42:20.264079 INFO::Fitting model to feature number 30, P1_B10
2026-02-19 16:42:20.396617 INFO::Fitting model to feature number 31, P4_B5
2026-02-19 16:42:20.532919 INFO::Fitting model to feature number 32, P1_C2
2026-02-19 16:42:20.706295 INFO::Fitting model to feature number 33, P2_A1
2026-02-19 16:42:20.837831 INFO::Fitting model to feature number 34, P2_B1
2026-02-19 16:42:21.012167 INFO::Fitting model to feature number 35, P1_A9
2026-02-19 16:42:21.150514 INFO::Fitting model to feature number 36, P5_C1
2026-02-19 16:42:21.32004 INFO::Fitting model to feature number 37, P2_C2.P4_E2
2026-02-19 16:42:21.489931 INFO::Fitting model to feature number 38, P5_C5
2026-02-19 16:42:21.627427 INFO::Fitting model to feature number 39, P3_A2
2026-02-19 16:42:21.833241 INFO::Fitting model to feature number 40, P2_A8
2026-02-19 16:42:22.057149 INFO::Fitting model to feature number 41, P4_E4
2026-02-19 16:42:22.279372 INFO::Fitting model to feature number 42, P2_E10
2026-02-19 16:42:22.484093 INFO::Fitting model to feature number 43, P5_D10
2026-02-19 16:42:22.794398 INFO::Fitting model to feature number 44, P2_G8
2026-02-19 16:42:23.013112 INFO::Fitting model to feature number 45, P2_H12
2026-02-19 16:42:23.207223 INFO::Fitting model to feature number 46, P3_C6
2026-02-19 16:42:23.406066 INFO::Fitting model to feature number 47, P5_D4.P4_F1
2026-02-19 16:42:23.618429 INFO::Fitting model to feature number 48, P2_D3
2026-02-19 16:42:23.816739 INFO::Fitting model to feature number 49, P4_B11
2026-02-19 16:42:24.012546 INFO::Fitting model to feature number 50, P4_H6
2026-02-19 16:42:24.244973 INFO::Fitting model to feature number 51, P4_H7
2026-02-19 16:42:24.413558 INFO::Fitting model to feature number 52, P4_G10
2026-02-19 16:42:24.435233 INFO::Fitting model to feature number 53, P2_D9
2026-02-19 16:42:24.523199 INFO::Fitting model to feature number 54, P2_H9
2026-02-19 16:42:24.548393 INFO::Counting total values for each feature
2026-02-19 16:42:24.571813 INFO::Writing filtered data to file Maaslin2_rhizo/features/filtered_data.tsv
2026-02-19 16:42:25.080998 INFO::Writing filtered, normalized data to file Maaslin2_rhizo/features/filtered_data_norm.tsv
2026-02-19 16:42:25.286108 INFO::Writing filtered, normalized, transformed data to file Maaslin2_rhizo/features/filtered_data_norm_transformed.tsv
2026-02-19 16:42:25.361732 WARNING::Deleting existing residuals file: Maaslin2_rhizo/fits/residuals.rds
2026-02-19 16:42:25.384083 INFO::Writing residuals to file Maaslin2_rhizo/fits/residuals.rds
2026-02-19 16:42:25.447486 WARNING::Deleting existing fitted file: Maaslin2_rhizo/fits/fitted.rds
2026-02-19 16:42:25.476806 INFO::Writing fitted values to file Maaslin2_rhizo/fits/fitted.rds
2026-02-19 16:42:25.527649 INFO::Writing all results to file (ordered by increasing q-values): Maaslin2_rhizo/all_results.tsv
2026-02-19 16:42:25.596206 INFO::Writing the significant results (those which are less than or equal to the threshold of 0.250000 ) to file (ordered by increasing q-values): Maaslin2_rhizo/significant_results.tsv
