2025-11-06 14:53:43.846601 INFO::Writing function arguments to log file
2025-11-06 14:53:43.847599 DEBUG::Function arguments
2025-11-06 14:53:43.847878 DEBUG::Output folder: Maslin_output
2025-11-06 14:53:43.848087 DEBUG::Min Abundance: 0.000000
2025-11-06 14:53:43.848264 DEBUG::Min Prevalence: 0.100000
2025-11-06 14:53:43.848451 DEBUG::Normalization: TSS
2025-11-06 14:53:43.848623 DEBUG::Transform: LOG
2025-11-06 14:53:43.848781 DEBUG::Analysis method: LM
2025-11-06 14:53:43.848929 DEBUG::Max significance: 0.250000
2025-11-06 14:53:43.849077 DEBUG::Random effects:
2025-11-06 14:53:43.849215 DEBUG::Fixed effects: Genotype
2025-11-06 14:53:43.849372 DEBUG::Correction method: BH
2025-11-06 14:53:43.849505 DEBUG::Standardize: TRUE
2025-11-06 14:53:43.849649 DEBUG::Cores: 1
2025-11-06 14:53:43.849773 INFO::Verifying options selected are valid
2025-11-06 14:53:43.850408 INFO::Determining format of input files
2025-11-06 14:53:43.850985 INFO::Input format is data samples as columns and metadata samples as rows
2025-11-06 14:53:43.85161 DEBUG::Transformed data so samples are rows
2025-11-06 14:53:43.851903 DEBUG::A total of 20 samples were found in both the data and metadata
2025-11-06 14:53:43.852053 DEBUG::Reordering data/metadata to use same sample ordering
2025-11-06 14:53:43.852427 INFO::Formula for fixed effects: expr ~  Genotype
2025-11-06 14:53:43.85299 INFO::Factor detected for categorial metadata 'Genotype'. Provide a reference argument or manually set factor ordering to change reference level.
2025-11-06 14:53:43.853488 INFO::Filter data based on min abundance and min prevalence
2025-11-06 14:53:43.85392 INFO::Total samples in data: 20
2025-11-06 14:53:43.854383 INFO::Min samples required with min abundance for a feature not to be filtered: 2.000000
2025-11-06 14:53:43.854989 INFO::Total filtered features: 1
2025-11-06 14:53:43.855513 INFO::Filtered feature names from abundance and prevalence filtering: Bacillales
2025-11-06 14:53:43.856139 INFO::Total filtered features with variance filtering: 0
2025-11-06 14:53:43.85665 INFO::Filtered feature names from variance filtering:
2025-11-06 14:53:43.857062 INFO::Running selected normalization method: TSS
2025-11-06 14:53:43.857772 INFO::Applying z-score to standardize continuous metadata
2025-11-06 14:53:43.859902 INFO::Running selected transform method: LOG
2025-11-06 14:53:43.860665 INFO::Running selected analysis method: LM
2025-11-06 14:53:43.861363 INFO::Fitting model to feature number 1, Actinomycetales
2025-11-06 14:53:43.863436 INFO::Fitting model to feature number 2, Burkholderiales
2025-11-06 14:53:43.865519 INFO::Fitting model to feature number 3, Caulobacterales
2025-11-06 14:53:43.867551 INFO::Fitting model to feature number 4, Flavobacteriales
2025-11-06 14:53:43.869557 INFO::Fitting model to feature number 5, Pseudomonadales
2025-11-06 14:53:43.871557 INFO::Fitting model to feature number 6, Rhizobiales
2025-11-06 14:53:43.87359 INFO::Fitting model to feature number 7, Sphingomonadales
2025-11-06 14:53:43.875741 INFO::Fitting model to feature number 8, Xanthomonadales
2025-11-06 14:53:43.880508 INFO::Counting total values for each feature
2025-11-06 14:53:43.882189 INFO::Writing filtered data to file Maslin_output/features/filtered_data.tsv
2025-11-06 14:53:43.883216 INFO::Writing filtered, normalized data to file Maslin_output/features/filtered_data_norm.tsv
2025-11-06 14:53:43.884205 INFO::Writing filtered, normalized, transformed data to file Maslin_output/features/filtered_data_norm_transformed.tsv
2025-11-06 14:53:43.885232 WARNING::Deleting existing residuals file: Maslin_output/fits/residuals.rds
2025-11-06 14:53:43.886057 INFO::Writing residuals to file Maslin_output/fits/residuals.rds
2025-11-06 14:53:43.886695 WARNING::Deleting existing fitted file: Maslin_output/fits/fitted.rds
2025-11-06 14:53:43.88745 INFO::Writing fitted values to file Maslin_output/fits/fitted.rds
2025-11-06 14:53:43.888014 INFO::Writing all results to file (ordered by increasing q-values): Maslin_output/all_results.tsv
2025-11-06 14:53:43.889026 INFO::Writing the significant results (those which are less than or equal to the threshold of 0.250000 ) to file (ordered by increasing q-values): Maslin_output/significant_results.tsv
